<?xml version="1.0" encoding="UTF-8"?>
<!-- Generated by org.testng.reporters.JUnitReportReporter -->
<testsuite hostname="Ganesha" failures="0" tests="1" name="driverFactory.DriverScript" time="24.617" errors="0" timestamp="2024-06-12T18:50:09 IST" skipped="0">
  <testcase classname="driverFactory.DriverScript" name="startTest" time="24.617"/>
</testsuite> <!-- driverFactory.DriverScript -->
