<?xml version="1.0" encoding="UTF-8"?>
<!-- Generated by org.testng.reporters.JUnitReportReporter -->
<testsuite hostname="Ganesha" failures="0" tests="1" name="driverFactory.AppTest" time="63.729" errors="0" timestamp="2024-06-26T23:36:15 IST" skipped="0">
  <testcase classname="driverFactory.AppTest" name="kickStrat" time="63.729">
    <system-out>
      <![CDATA[Supplier-00000003753        Supplier-00000003753]]>
    </system-out>
  </testcase> <!-- kickStrat -->
  <system-out>
    <![CDATA[Supplier-00000003753        Supplier-00000003753]]>
  </system-out>
</testsuite> <!-- driverFactory.AppTest -->
